<<<<<<< HEAD
{"level":"warn","message": "Servidor inciando tentativa de conexão ao banco de dados","Date":"26-04-2023 17:32:49"}
{"level":"warn","message": "Servidor inciando tentativa de conexão ao banco de dados","Date":"26-04-2023 17:32:49"}
{"level":"warn","message": "Servidor inciando tentativa de conexão ao banco de dados","Date":"26-04-2023 17:32:49"}
{"level":"warn","message": "Solicitando nova tentativa","Date":"26-04-2023 17:32:49"}
{"level":"warn","message": "Solicitando nova tentativa","Date":"26-04-2023 17:32:49"}
{"level":"warn","message": "Solicitando nova tentativa","Date":"26-04-2023 17:32:49"}
{"level":"warn","message": "Servidor inciando tentativa de conexão ao banco de dados","Date":"26-04-2023 17:32:49"}
{"level":"warn","message": "Solicitando nova tentativa","Date":"26-04-2023 17:32:49"}
{"level":"warn","message": "Servidor inciando tentativa de conexão ao banco de dados","Date":"26-04-2023 17:32:54"}
{"level":"warn","message": "Servidor inciando tentativa de conexão ao banco de dados","Date":"26-04-2023 17:32:54"}
{"level":"warn","message": "Solicitando nova tentativa","Date":"26-04-2023 17:32:54"}
{"level":"warn","message": "Servidor inciando tentativa de conexão ao banco de dados","Date":"26-04-2023 17:32:54"}
{"level":"warn","message": "Solicitando nova tentativa","Date":"26-04-2023 17:32:54"}
{"level":"warn","message": "Solicitando nova tentativa","Date":"26-04-2023 17:32:54"}
{"level":"warn","message": "Servidor inciando tentativa de conexão ao banco de dados","Date":"26-04-2023 17:32:54"}
{"level":"warn","message": "Solicitando nova tentativa","Date":"26-04-2023 17:32:54"}
{"level":"warn","message": "Servidor inciando tentativa de conexão ao banco de dados","Date":"26-04-2023 17:32:59"}
{"level":"warn","message": "Servidor inciando tentativa de conexão ao banco de dados","Date":"26-04-2023 17:32:59"}
{"level":"warn","message": "Servidor inciando tentativa de conexão ao banco de dados","Date":"26-04-2023 17:32:59"}
{"level":"warn","message": "Solicitando nova tentativa","Date":"26-04-2023 17:32:59"}
{"level":"warn","message": "Solicitando nova tentativa","Date":"26-04-2023 17:32:59"}
{"level":"warn","message": "Solicitando nova tentativa","Date":"26-04-2023 17:32:59"}
{"level":"warn","message": "Servidor inciando tentativa de conexão ao banco de dados","Date":"26-04-2023 17:32:59"}
{"level":"warn","message": "Solicitando nova tentativa","Date":"26-04-2023 17:32:59"}
{"level":"warn","message": "Servidor inciando tentativa de conexão ao banco de dados","Date":"26-04-2023 17:33:04"}
{"level":"warn","message": "Servidor inciando tentativa de conexão ao banco de dados","Date":"26-04-2023 17:33:04"}
{"level":"warn","message": "Servidor inciando tentativa de conexão ao banco de dados","Date":"26-04-2023 17:33:04"}
{"level":"warn","message": "Solicitando nova tentativa","Date":"26-04-2023 17:33:04"}
{"level":"warn","message": "Solicitando nova tentativa","Date":"26-04-2023 17:33:04"}
{"level":"warn","message": "Solicitando nova tentativa","Date":"26-04-2023 17:33:04"}
{"level":"warn","message": "Servidor inciando tentativa de conexão ao banco de dados","Date":"26-04-2023 17:33:04"}
{"level":"warn","message": "Solicitando nova tentativa","Date":"26-04-2023 17:33:04"}
{"level":"warn","message": "Servidor inciando tentativa de conexão ao banco de dados","Date":"26-04-2023 17:33:09"}
{"level":"warn","message": "Solicitando nova tentativa","Date":"26-04-2023 17:33:09"}
{"level":"warn","message": "Servidor inciando tentativa de conexão ao banco de dados","Date":"26-04-2023 17:33:09"}
{"level":"warn","message": "Servidor inciando tentativa de conexão ao banco de dados","Date":"26-04-2023 17:33:09"}
{"level":"warn","message": "Solicitando nova tentativa","Date":"26-04-2023 17:33:09"}
{"level":"warn","message": "Solicitando nova tentativa","Date":"26-04-2023 17:33:09"}
{"level":"warn","message": "Servidor inciando tentativa de conexão ao banco de dados","Date":"26-04-2023 17:33:09"}
{"level":"warn","message": "Solicitando nova tentativa","Date":"26-04-2023 17:33:09"}
{"level":"warn","message": "Servidor inciando tentativa de conexão ao banco de dados","Date":"26-04-2023 17:33:14"}
{"level":"warn","message": "Servidor inciando tentativa de conexão ao banco de dados","Date":"26-04-2023 17:33:14"}
{"level":"warn","message": "Servidor inciando tentativa de conexão ao banco de dados","Date":"26-04-2023 17:33:14"}
{"level":"warn","message": "Solicitando nova tentativa","Date":"26-04-2023 17:33:14"}
{"level":"warn","message": "Solicitando nova tentativa","Date":"26-04-2023 17:33:14"}
{"level":"warn","message": "Solicitando nova tentativa","Date":"26-04-2023 17:33:14"}
{"level":"warn","message": "Servidor inciando tentativa de conexão ao banco de dados","Date":"26-04-2023 17:33:14"}
{"level":"warn","message": "Solicitando nova tentativa","Date":"26-04-2023 17:33:14"}
{"level":"warn","message": "Servidor inciando tentativa de conexão ao banco de dados","Date":"26-04-2023 17:33:19"}
{"level":"warn","message": "Servidor inciando tentativa de conexão ao banco de dados","Date":"26-04-2023 17:33:19"}
{"level":"warn","message": "Servidor inciando tentativa de conexão ao banco de dados","Date":"26-04-2023 17:33:19"}
{"level":"warn","message": "Solicitando nova tentativa","Date":"26-04-2023 17:33:19"}
{"level":"warn","message": "Solicitando nova tentativa","Date":"26-04-2023 17:33:19"}
{"level":"warn","message": "Solicitando nova tentativa","Date":"26-04-2023 17:33:19"}
{"level":"warn","message": "Servidor inciando tentativa de conexão ao banco de dados","Date":"26-04-2023 17:33:19"}
{"level":"warn","message": "Solicitando nova tentativa","Date":"26-04-2023 17:33:19"}
{"level":"warn","message": "Servidor inciando tentativa de conexão ao banco de dados","Date":"26-04-2023 17:33:24"}
{"level":"warn","message": "Servidor inciando tentativa de conexão ao banco de dados","Date":"26-04-2023 17:33:24"}
{"level":"warn","message": "Solicitando nova tentativa","Date":"26-04-2023 17:33:24"}
{"level":"warn","message": "Solicitando nova tentativa","Date":"26-04-2023 17:33:24"}
{"level":"warn","message": "Servidor inciando tentativa de conexão ao banco de dados","Date":"26-04-2023 17:33:24"}
{"level":"warn","message": "Solicitando nova tentativa","Date":"26-04-2023 17:33:24"}
{"level":"warn","message": "Servidor inciando tentativa de conexão ao banco de dados","Date":"26-04-2023 17:33:24"}
{"level":"warn","message": "Solicitando nova tentativa","Date":"26-04-2023 17:33:24"}
{"level":"warn","message": "Servidor inciando tentativa de conexão ao banco de dados","Date":"26-04-2023 17:33:29"}
{"level":"warn","message": "Solicitando nova tentativa","Date":"26-04-2023 17:33:29"}
{"level":"warn","message": "Servidor inciando tentativa de conexão ao banco de dados","Date":"26-04-2023 17:33:29"}
{"level":"warn","message": "Servidor inciando tentativa de conexão ao banco de dados","Date":"26-04-2023 17:33:29"}
{"level":"warn","message": "Solicitando nova tentativa","Date":"26-04-2023 17:33:29"}
{"level":"warn","message": "Solicitando nova tentativa","Date":"26-04-2023 17:33:29"}
{"level":"warn","message": "Servidor inciando tentativa de conexão ao banco de dados","Date":"26-04-2023 17:33:29"}
{"level":"warn","message": "Solicitando nova tentativa","Date":"26-04-2023 17:33:29"}
=======
{"level":"warn","message": "19 is started","Date":"20-04-2023 14:59:23"}
{"level":"warn","message": "19 is started","Date":"20-04-2023 14:59:23"}
{"level":"warn","message": "19 is started","Date":"20-04-2023 14:59:23"}
{"level":"warn","message": "19 is started","Date":"20-04-2023 14:59:23"}
{"level":"warn","message": "19 is started","Date":"20-04-2023 14:59:35"}
{"level":"warn","message": "19 is started","Date":"20-04-2023 14:59:35"}
{"level":"warn","message": "19 is started","Date":"20-04-2023 14:59:35"}
{"level":"warn","message": "19 is started","Date":"20-04-2023 14:59:35"}
{"level":"warn","message": "Servidor inciando tentativa de conexão ao banco de dados","Date":"20-04-2023 14:59:37"}
{"level":"warn","message": "Servidor inciando tentativa de conexão ao banco de dados","Date":"20-04-2023 14:59:37"}
{"level":"warn","message": "Servidor inciando tentativa de conexão ao banco de dados","Date":"20-04-2023 14:59:37"}
{"level":"warn","message": "Conectado no banco de dados com sucesso","Date":"20-04-2023 14:59:37"}
{"level":"warn","message": "Conectado no banco de dados com sucesso","Date":"20-04-2023 14:59:37"}
{"level":"warn","message": "Conectado no banco de dados com sucesso","Date":"20-04-2023 14:59:37"}
{"level":"warn","message": "Servidor inciando tentativa de conexão ao banco de dados","Date":"20-04-2023 14:59:37"}
{"level":"warn","message": "Inciando tentativa de start da API na  9000 com o ip 172.20.0.3!","Date":"20-04-2023 14:59:37"}
{"level":"warn","message": "Server is started on process 30","Date":"20-04-2023 14:59:37"}
{"level":"warn","message": "Inciando tentativa de start da API na  9000 com o ip 172.20.0.3!","Date":"20-04-2023 14:59:37"}
{"level":"warn","message": "Server is started on process 43","Date":"20-04-2023 14:59:37"}
{"level":"warn","message": "Inciando tentativa de start da API na  9000 com o ip 172.20.0.3!","Date":"20-04-2023 14:59:37"}
{"level":"warn","message": "Server is started on process 31","Date":"20-04-2023 14:59:37"}
{"level":"warn","message": "Conectado no banco de dados com sucesso","Date":"20-04-2023 14:59:37"}
{"level":"warn","message": "Inciando tentativa de start da API na  9000 com o ip 172.20.0.3!","Date":"20-04-2023 14:59:37"}
{"level":"warn","message": "Server is started on process 37","Date":"20-04-2023 14:59:37"}
>>>>>>> master
