{"level":"warn","message": "SIGTERM signal received: closing HTTP server and process4562","Date":"16-04-2023 20:37:45"}
{"level":"warn","message": "SIGTERM signal received: closing HTTP server and process4561","Date":"16-04-2023 20:37:45"}
{"level":"warn","message": "SIGTERM signal received: closing HTTP server and process4568","Date":"16-04-2023 20:37:45"}
{"level":"warn","message": "SIGTERM signal received: closing HTTP server and process4574","Date":"16-04-2023 20:37:45"}
{"level":"warn","message": "4802 is started","Date":"16-04-2023 20:37:48"}
{"level":"warn","message": "4802 is started","Date":"16-04-2023 20:37:48"}
{"level":"warn","message": "4802 is started","Date":"16-04-2023 20:37:48"}
{"level":"warn","message": "4802 is started","Date":"16-04-2023 20:37:48"}
{"level":"warn","message": "Servidor inciando tentativa de conexão ao banco de dados","Date":"16-04-2023 20:37:50"}
{"level":"warn","message": "Servidor inciando tentativa de conexão ao banco de dados","Date":"16-04-2023 20:37:50"}
{"level":"warn","message": "Conectado no banco de dados com sucesso","Date":"16-04-2023 20:37:50"}
{"level":"warn","message": "Conectado no banco de dados com sucesso","Date":"16-04-2023 20:37:50"}
{"level":"warn","message": "Inciando tentativa de start da API na  9000 com o ip 0.0.0.0!","Date":"16-04-2023 20:37:50"}
{"level":"warn","message": "Server is started on process 4833","Date":"16-04-2023 20:37:50"}
{"level":"warn","message": "Inciando tentativa de start da API na  9000 com o ip 0.0.0.0!","Date":"16-04-2023 20:37:50"}
{"level":"warn","message": "Server is started on process 4839","Date":"16-04-2023 20:37:50"}
{"level":"warn","message": "Servidor inciando tentativa de conexão ao banco de dados","Date":"16-04-2023 20:37:50"}
{"level":"warn","message": "Servidor inciando tentativa de conexão ao banco de dados","Date":"16-04-2023 20:37:50"}
{"level":"warn","message": "Conectado no banco de dados com sucesso","Date":"16-04-2023 20:37:50"}
{"level":"warn","message": "Inciando tentativa de start da API na  9000 com o ip 0.0.0.0!","Date":"16-04-2023 20:37:50"}
{"level":"warn","message": "Server is started on process 4845","Date":"16-04-2023 20:37:50"}
{"level":"warn","message": "Conectado no banco de dados com sucesso","Date":"16-04-2023 20:37:50"}
{"level":"warn","message": "Inciando tentativa de start da API na  9000 com o ip 0.0.0.0!","Date":"16-04-2023 20:37:50"}
{"level":"warn","message": "Server is started on process 4832","Date":"16-04-2023 20:37:50"}
{"level":"warn","message": "8354 is started","Date":"16-04-2023 21:04:18"}
{"level":"warn","message": "8354 is started","Date":"16-04-2023 21:04:18"}
{"level":"warn","message": "8354 is started","Date":"16-04-2023 21:04:18"}
{"level":"warn","message": "8354 is started","Date":"16-04-2023 21:04:18"}
{"level":"warn","message": "Servidor inciando tentativa de conexão ao banco de dados","Date":"16-04-2023 21:04:20"}
{"level":"warn","message": "Servidor inciando tentativa de conexão ao banco de dados","Date":"16-04-2023 21:04:20"}
{"level":"warn","message": "Servidor inciando tentativa de conexão ao banco de dados","Date":"16-04-2023 21:04:20"}
{"level":"warn","message": "Conectado no banco de dados com sucesso","Date":"16-04-2023 21:04:20"}
{"level":"warn","message": "Conectado no banco de dados com sucesso","Date":"16-04-2023 21:04:20"}
{"level":"warn","message": "Inciando tentativa de start da API na  9000 com o ip 0.0.0.0!","Date":"16-04-2023 21:04:20"}
{"level":"warn","message": "Server is started on process 8410","Date":"16-04-2023 21:04:20"}
{"level":"warn","message": "Inciando tentativa de start da API na  9000 com o ip 0.0.0.0!","Date":"16-04-2023 21:04:20"}
{"level":"warn","message": "Server is started on process 8375","Date":"16-04-2023 21:04:20"}
{"level":"warn","message": "Conectado no banco de dados com sucesso","Date":"16-04-2023 21:04:20"}
{"level":"warn","message": "Inciando tentativa de start da API na  9000 com o ip 0.0.0.0!","Date":"16-04-2023 21:04:20"}
{"level":"warn","message": "Server is started on process 8377","Date":"16-04-2023 21:04:20"}
{"level":"warn","message": "Servidor inciando tentativa de conexão ao banco de dados","Date":"16-04-2023 21:04:20"}
{"level":"warn","message": "Conectado no banco de dados com sucesso","Date":"16-04-2023 21:04:20"}
{"level":"warn","message": "Inciando tentativa de start da API na  9000 com o ip 0.0.0.0!","Date":"16-04-2023 21:04:20"}
{"level":"warn","message": "Server is started on process 8384","Date":"16-04-2023 21:04:20"}
{"level":"warn","message": "SIGTERM signal received: closing HTTP server and process8375","Date":"16-04-2023 21:05:34"}
{"level":"warn","message": "SIGTERM signal received: closing HTTP server and process8377","Date":"16-04-2023 21:05:34"}
{"level":"warn","message": "SIGTERM signal received: closing HTTP server and process8384","Date":"16-04-2023 21:05:34"}
{"level":"warn","message": "SIGTERM signal received: closing HTTP server and process8410","Date":"16-04-2023 21:05:34"}
{"level":"warn","message": "8551 is started","Date":"16-04-2023 21:05:37"}
{"level":"warn","message": "8551 is started","Date":"16-04-2023 21:05:37"}
{"level":"warn","message": "8551 is started","Date":"16-04-2023 21:05:37"}
{"level":"warn","message": "8551 is started","Date":"16-04-2023 21:05:37"}
{"level":"warn","message": "Servidor inciando tentativa de conexão ao banco de dados","Date":"16-04-2023 21:05:39"}
{"level":"warn","message": "Servidor inciando tentativa de conexão ao banco de dados","Date":"16-04-2023 21:05:39"}
{"level":"warn","message": "Servidor inciando tentativa de conexão ao banco de dados","Date":"16-04-2023 21:05:39"}
{"level":"warn","message": "Conectado no banco de dados com sucesso","Date":"16-04-2023 21:05:39"}
{"level":"warn","message": "Conectado no banco de dados com sucesso","Date":"16-04-2023 21:05:39"}
{"level":"warn","message": "Conectado no banco de dados com sucesso","Date":"16-04-2023 21:05:39"}
{"level":"warn","message": "Inciando tentativa de start da API na  9000 com o ip 0.0.0.0!","Date":"16-04-2023 21:05:39"}
{"level":"warn","message": "Server is started on process 8592","Date":"16-04-2023 21:05:39"}
{"level":"warn","message": "Inciando tentativa de start da API na  9000 com o ip 0.0.0.0!","Date":"16-04-2023 21:05:39"}
{"level":"warn","message": "Server is started on process 8593","Date":"16-04-2023 21:05:39"}
{"level":"warn","message": "Servidor inciando tentativa de conexão ao banco de dados","Date":"16-04-2023 21:05:39"}
{"level":"warn","message": "Inciando tentativa de start da API na  9000 com o ip 0.0.0.0!","Date":"16-04-2023 21:05:39"}
{"level":"warn","message": "Server is started on process 8599","Date":"16-04-2023 21:05:39"}
{"level":"warn","message": "Conectado no banco de dados com sucesso","Date":"16-04-2023 21:05:39"}
{"level":"warn","message": "Inciando tentativa de start da API na  9000 com o ip 0.0.0.0!","Date":"16-04-2023 21:05:39"}
{"level":"warn","message": "Server is started on process 8605","Date":"16-04-2023 21:05:39"}
{"level":"warn","message": "9358 is started","Date":"16-04-2023 21:08:31"}
{"level":"warn","message": "9358 is started","Date":"16-04-2023 21:08:31"}
{"level":"warn","message": "9358 is started","Date":"16-04-2023 21:08:31"}
{"level":"warn","message": "9358 is started","Date":"16-04-2023 21:08:31"}
{"level":"warn","message": "9550 is started","Date":"16-04-2023 21:08:39"}
{"level":"warn","message": "9550 is started","Date":"16-04-2023 21:08:39"}
{"level":"warn","message": "9550 is started","Date":"16-04-2023 21:08:39"}
{"level":"warn","message": "9550 is started","Date":"16-04-2023 21:08:39"}
{"level":"warn","message": "Servidor inciando tentativa de conexão ao banco de dados","Date":"16-04-2023 21:08:41"}
{"level":"warn","message": "Conectado no banco de dados com sucesso","Date":"16-04-2023 21:08:41"}
{"level":"warn","message": "Servidor inciando tentativa de conexão ao banco de dados","Date":"16-04-2023 21:08:41"}
{"level":"warn","message": "Inciando tentativa de start da API na  9000 com o ip 0.0.0.0!","Date":"16-04-2023 21:08:41"}
{"level":"warn","message": "Server is started on process 9580","Date":"16-04-2023 21:08:42"}
{"level":"warn","message": "Servidor inciando tentativa de conexão ao banco de dados","Date":"16-04-2023 21:08:42"}
{"level":"warn","message": "Conectado no banco de dados com sucesso","Date":"16-04-2023 21:08:42"}
{"level":"warn","message": "Inciando tentativa de start da API na  9000 com o ip 0.0.0.0!","Date":"16-04-2023 21:08:42"}
{"level":"warn","message": "Server is started on process 9581","Date":"16-04-2023 21:08:42"}
{"level":"warn","message": "Conectado no banco de dados com sucesso","Date":"16-04-2023 21:08:42"}
{"level":"warn","message": "Servidor inciando tentativa de conexão ao banco de dados","Date":"16-04-2023 21:08:42"}
{"level":"warn","message": "Inciando tentativa de start da API na  9000 com o ip 0.0.0.0!","Date":"16-04-2023 21:08:42"}
{"level":"warn","message": "Server is started on process 9587","Date":"16-04-2023 21:08:42"}
{"level":"warn","message": "Conectado no banco de dados com sucesso","Date":"16-04-2023 21:08:42"}
{"level":"warn","message": "Inciando tentativa de start da API na  9000 com o ip 0.0.0.0!","Date":"16-04-2023 21:08:42"}
{"level":"warn","message": "Server is started on process 9593","Date":"16-04-2023 21:08:42"}
{"level":"warn","message": "10819 is started","Date":"16-04-2023 21:24:35"}
{"level":"warn","message": "10819 is started","Date":"16-04-2023 21:24:35"}
{"level":"warn","message": "10819 is started","Date":"16-04-2023 21:24:35"}
{"level":"warn","message": "10819 is started","Date":"16-04-2023 21:24:35"}
{"level":"warn","message": "Servidor inciando tentativa de conexão ao banco de dados","Date":"16-04-2023 21:24:37"}
{"level":"warn","message": "Servidor inciando tentativa de conexão ao banco de dados","Date":"16-04-2023 21:24:37"}
{"level":"warn","message": "Servidor inciando tentativa de conexão ao banco de dados","Date":"16-04-2023 21:24:37"}
{"level":"warn","message": "Conectado no banco de dados com sucesso","Date":"16-04-2023 21:24:37"}
{"level":"warn","message": "Servidor inciando tentativa de conexão ao banco de dados","Date":"16-04-2023 21:24:37"}
{"level":"warn","message": "Conectado no banco de dados com sucesso","Date":"16-04-2023 21:24:37"}
{"level":"warn","message": "Inciando tentativa de start da API na  9000 com o ip 0.0.0.0!","Date":"16-04-2023 21:24:37"}
{"level":"warn","message": "Server is started on process 10836","Date":"16-04-2023 21:24:37"}
{"level":"warn","message": "Inciando tentativa de start da API na  9000 com o ip 0.0.0.0!","Date":"16-04-2023 21:24:37"}
{"level":"warn","message": "Server is started on process 10844","Date":"16-04-2023 21:24:37"}
{"level":"warn","message": "Conectado no banco de dados com sucesso","Date":"16-04-2023 21:24:37"}
{"level":"warn","message": "Conectado no banco de dados com sucesso","Date":"16-04-2023 21:24:37"}
{"level":"warn","message": "Inciando tentativa de start da API na  9000 com o ip 0.0.0.0!","Date":"16-04-2023 21:24:37"}
{"level":"warn","message": "Server is started on process 10835","Date":"16-04-2023 21:24:37"}
{"level":"warn","message": "Inciando tentativa de start da API na  9000 com o ip 0.0.0.0!","Date":"16-04-2023 21:24:37"}
{"level":"warn","message": "Server is started on process 10854","Date":"16-04-2023 21:24:37"}
{"level":"warn","message": "10915 is started","Date":"16-04-2023 21:24:41"}
{"level":"warn","message": "10915 is started","Date":"16-04-2023 21:24:41"}
{"level":"warn","message": "10915 is started","Date":"16-04-2023 21:24:41"}
{"level":"warn","message": "10915 is started","Date":"16-04-2023 21:24:41"}
{"level":"warn","message": "11031 is started","Date":"16-04-2023 21:24:46"}
{"level":"warn","message": "11031 is started","Date":"16-04-2023 21:24:46"}
{"level":"warn","message": "11031 is started","Date":"16-04-2023 21:24:46"}
{"level":"warn","message": "11031 is started","Date":"16-04-2023 21:24:46"}
{"level":"warn","message": "Servidor inciando tentativa de conexão ao banco de dados","Date":"16-04-2023 21:24:48"}
{"level":"warn","message": "Servidor inciando tentativa de conexão ao banco de dados","Date":"16-04-2023 21:24:48"}
{"level":"warn","message": "Conectado no banco de dados com sucesso","Date":"16-04-2023 21:24:48"}
{"level":"warn","message": "Inciando tentativa de start da API na  9000 com o ip 0.0.0.0!","Date":"16-04-2023 21:24:48"}
{"level":"warn","message": "Server is started on process 11062","Date":"16-04-2023 21:24:48"}
{"level":"warn","message": "Conectado no banco de dados com sucesso","Date":"16-04-2023 21:24:48"}
{"level":"warn","message": "Inciando tentativa de start da API na  9000 com o ip 0.0.0.0!","Date":"16-04-2023 21:24:48"}
{"level":"warn","message": "Server is started on process 11071","Date":"16-04-2023 21:24:48"}
{"level":"warn","message": "Servidor inciando tentativa de conexão ao banco de dados","Date":"16-04-2023 21:24:48"}
{"level":"warn","message": "Servidor inciando tentativa de conexão ao banco de dados","Date":"16-04-2023 21:24:48"}
{"level":"warn","message": "Conectado no banco de dados com sucesso","Date":"16-04-2023 21:24:48"}
{"level":"warn","message": "Conectado no banco de dados com sucesso","Date":"16-04-2023 21:24:48"}
{"level":"warn","message": "Inciando tentativa de start da API na  9000 com o ip 0.0.0.0!","Date":"16-04-2023 21:24:48"}
{"level":"warn","message": "Server is started on process 11065","Date":"16-04-2023 21:24:48"}
{"level":"warn","message": "Inciando tentativa de start da API na  9000 com o ip 0.0.0.0!","Date":"16-04-2023 21:24:48"}
{"level":"warn","message": "Server is started on process 11077","Date":"16-04-2023 21:24:48"}
{"level":"warn","message": "SIGTERM signal received: closing HTTP server and process11071","Date":"16-04-2023 21:27:01"}
{"level":"warn","message": "SIGTERM signal received: closing HTTP server and process11062","Date":"16-04-2023 21:27:01"}
{"level":"warn","message": "SIGTERM signal received: closing HTTP server and process11065","Date":"16-04-2023 21:27:01"}
{"level":"warn","message": "SIGTERM signal received: closing HTTP server and process11077","Date":"16-04-2023 21:27:01"}
{"level":"warn","message": "11460 is started","Date":"16-04-2023 21:27:11"}
{"level":"warn","message": "11460 is started","Date":"16-04-2023 21:27:11"}
{"level":"warn","message": "11460 is started","Date":"16-04-2023 21:27:11"}
{"level":"warn","message": "11460 is started","Date":"16-04-2023 21:27:11"}
{"level":"warn","message": "Servidor inciando tentativa de conexão ao banco de dados","Date":"16-04-2023 21:27:13"}
{"level":"warn","message": "Servidor inciando tentativa de conexão ao banco de dados","Date":"16-04-2023 21:27:13"}
{"level":"warn","message": "Servidor inciando tentativa de conexão ao banco de dados","Date":"16-04-2023 21:27:13"}
{"level":"warn","message": "Servidor inciando tentativa de conexão ao banco de dados","Date":"16-04-2023 21:27:13"}
{"level":"warn","message": "Conectado no banco de dados com sucesso","Date":"16-04-2023 21:27:13"}
{"level":"warn","message": "Conectado no banco de dados com sucesso","Date":"16-04-2023 21:27:13"}
{"level":"warn","message": "Conectado no banco de dados com sucesso","Date":"16-04-2023 21:27:13"}
{"level":"warn","message": "Inciando tentativa de start da API na  9000 com o ip 0.0.0.0!","Date":"16-04-2023 21:27:13"}
{"level":"warn","message": "Server is started on process 11508","Date":"16-04-2023 21:27:13"}
{"level":"warn","message": "Inciando tentativa de start da API na  9000 com o ip 0.0.0.0!","Date":"16-04-2023 21:27:13"}
{"level":"warn","message": "Server is started on process 11514","Date":"16-04-2023 21:27:13"}
{"level":"warn","message": "Conectado no banco de dados com sucesso","Date":"16-04-2023 21:27:13"}
{"level":"warn","message": "Inciando tentativa de start da API na  9000 com o ip 0.0.0.0!","Date":"16-04-2023 21:27:13"}
{"level":"warn","message": "Server is started on process 11507","Date":"16-04-2023 21:27:13"}
{"level":"warn","message": "Inciando tentativa de start da API na  9000 com o ip 0.0.0.0!","Date":"16-04-2023 21:27:13"}
{"level":"warn","message": "Server is started on process 11519","Date":"16-04-2023 21:27:13"}
{"level":"warn","message": "SIGTERM signal received: closing HTTP server and process11508","Date":"16-04-2023 21:27:15"}
{"level":"warn","message": "SIGTERM signal received: closing HTTP server and process11519","Date":"16-04-2023 21:27:15"}
{"level":"warn","message": "SIGTERM signal received: closing HTTP server and process11507","Date":"16-04-2023 21:27:15"}
{"level":"warn","message": "SIGTERM signal received: closing HTTP server and process11514","Date":"16-04-2023 21:27:15"}
{"level":"warn","message": "3887 is started","Date":"17-04-2023 11:39:36"}
{"level":"warn","message": "3887 is started","Date":"17-04-2023 11:39:36"}
{"level":"warn","message": "3887 is started","Date":"17-04-2023 11:39:36"}
{"level":"warn","message": "3887 is started","Date":"17-04-2023 11:39:36"}
{"level":"warn","message": "Servidor inciando tentativa de conexão ao banco de dados","Date":"17-04-2023 11:39:38"}
{"level":"warn","message": "Servidor inciando tentativa de conexão ao banco de dados","Date":"17-04-2023 11:39:38"}
{"level":"warn","message": "Solicitando nova tentativa","Date":"17-04-2023 11:39:38"}
{"level":"warn","message": "Servidor inciando tentativa de conexão ao banco de dados","Date":"17-04-2023 11:39:38"}
{"level":"warn","message": "Solicitando nova tentativa","Date":"17-04-2023 11:39:38"}
{"level":"warn","message": "Servidor inciando tentativa de conexão ao banco de dados","Date":"17-04-2023 11:39:38"}
{"level":"warn","message": "Solicitando nova tentativa","Date":"17-04-2023 11:39:38"}
{"level":"warn","message": "Solicitando nova tentativa","Date":"17-04-2023 11:39:38"}
{"level":"warn","message": "Servidor inciando tentativa de conexão ao banco de dados","Date":"17-04-2023 11:39:43"}
{"level":"warn","message": "Solicitando nova tentativa","Date":"17-04-2023 11:39:43"}
{"level":"warn","message": "Servidor inciando tentativa de conexão ao banco de dados","Date":"17-04-2023 11:39:43"}
{"level":"warn","message": "Solicitando nova tentativa","Date":"17-04-2023 11:39:43"}
{"level":"warn","message": "Servidor inciando tentativa de conexão ao banco de dados","Date":"17-04-2023 11:39:43"}
{"level":"warn","message": "Solicitando nova tentativa","Date":"17-04-2023 11:39:43"}
{"level":"warn","message": "Servidor inciando tentativa de conexão ao banco de dados","Date":"17-04-2023 11:39:43"}
{"level":"warn","message": "Solicitando nova tentativa","Date":"17-04-2023 11:39:43"}
{"level":"warn","message": "Servidor inciando tentativa de conexão ao banco de dados","Date":"17-04-2023 11:39:48"}
{"level":"warn","message": "Solicitando nova tentativa","Date":"17-04-2023 11:39:48"}
{"level":"warn","message": "Servidor inciando tentativa de conexão ao banco de dados","Date":"17-04-2023 11:39:48"}
{"level":"warn","message": "Solicitando nova tentativa","Date":"17-04-2023 11:39:48"}
{"level":"warn","message": "Servidor inciando tentativa de conexão ao banco de dados","Date":"17-04-2023 11:39:48"}
{"level":"warn","message": "Solicitando nova tentativa","Date":"17-04-2023 11:39:48"}
{"level":"warn","message": "Servidor inciando tentativa de conexão ao banco de dados","Date":"17-04-2023 11:39:48"}
{"level":"warn","message": "Solicitando nova tentativa","Date":"17-04-2023 11:39:48"}
{"level":"warn","message": "Servidor inciando tentativa de conexão ao banco de dados","Date":"17-04-2023 11:39:53"}
{"level":"warn","message": "Solicitando nova tentativa","Date":"17-04-2023 11:39:53"}
{"level":"warn","message": "Servidor inciando tentativa de conexão ao banco de dados","Date":"17-04-2023 11:39:53"}
{"level":"warn","message": "Solicitando nova tentativa","Date":"17-04-2023 11:39:53"}
{"level":"warn","message": "Servidor inciando tentativa de conexão ao banco de dados","Date":"17-04-2023 11:39:53"}
{"level":"warn","message": "Solicitando nova tentativa","Date":"17-04-2023 11:39:53"}
{"level":"warn","message": "Servidor inciando tentativa de conexão ao banco de dados","Date":"17-04-2023 11:39:53"}
{"level":"warn","message": "Solicitando nova tentativa","Date":"17-04-2023 11:39:53"}
{"level":"warn","message": "Servidor inciando tentativa de conexão ao banco de dados","Date":"17-04-2023 11:39:58"}
{"level":"warn","message": "Servidor inciando tentativa de conexão ao banco de dados","Date":"17-04-2023 11:39:58"}
{"level":"warn","message": "Solicitando nova tentativa","Date":"17-04-2023 11:39:58"}
{"level":"warn","message": "Solicitando nova tentativa","Date":"17-04-2023 11:39:58"}
{"level":"warn","message": "Servidor inciando tentativa de conexão ao banco de dados","Date":"17-04-2023 11:39:58"}
{"level":"warn","message": "Servidor inciando tentativa de conexão ao banco de dados","Date":"17-04-2023 11:39:58"}
{"level":"warn","message": "Solicitando nova tentativa","Date":"17-04-2023 11:39:58"}
{"level":"warn","message": "Solicitando nova tentativa","Date":"17-04-2023 11:39:58"}
